{
  "0 debug pnpm:scope": {
    "selected": 1
  },
  "1 error pnpm": {
    "errno": 1,
    "code": "ELIFECYCLE",
    "pkgid": "zhaotin-web@0.1.0",
    "stage": "serve",
    "script": "vue-cli-service serve",
    "pkgname": "zhaotin-web",
    "err": {
      "name": "pnpm",
      "message": "zhaotin-web@0.1.0 serve: `vue-cli-service serve`\nExit status 1",
      "code": "ELIFECYCLE",
      "stack": "pnpm: zhaotin-web@0.1.0 serve: `vue-cli-service serve`\nExit status 1\n    at EventEmitter.<anonymous> (C:\\Users\\oit\\AppData\\Roaming\\npm\\node_modules\\pnpm\\dist\\pnpm.cjs:105830:20)\n    at EventEmitter.emit (node:events:520:28)\n    at ChildProcess.<anonymous> (C:\\Users\\oit\\AppData\\Roaming\\npm\\node_modules\\pnpm\\dist\\pnpm.cjs:92391:18)\n    at ChildProcess.emit (node:events:520:28)\n    at maybeClose (node:internal/child_process:1092:16)\n    at Process.ChildProcess._handle.onexit (node:internal/child_process:302:5)"
    }
  },
  "2 warn pnpm:global": " Local package.json exists, but node_modules missing, did you mean to install?"
}